>> view_results % with variance tracking
best parameters (sigma, psz, wsz, hx, ht, hv, lambda, psnr)
	10.    8.   10.    9.   14.   11.    0.8570   33.2153
	10.    8.   10.    9.   13.   15.    0.8610   33.2022
	10.    8.   10.    9.   15.   17.    0.9330   33.2025
	10.    8.   10.    9.   15.   20.    0.7500   33.2040
	10.    8.   10.    9.   14.   11.    0.9340   33.2268
	10.    8.   10.    9.   13.   20.    0.8820   33.2036
	10.    8.   10.    9.   14.   18.    0.8570   33.2387
	10.    8.   10.    9.   14.   18.    0.7310   33.2058

average and std. dev
	10.    8.   10.    9.   14.      16.2500    0.8506   33.2124
	 0     0     0     0    0.7559    3.6154    0.0750    0.0136

best parameters (sigma, psz, wsz, hx, ht, hv, lambda, psnr)
	20.    8.   10.   17.   29.   21.    0.6970   29.1787
	20.    8.   10.   17.   28.   20.    0.9870   29.2520
	20.    8.   10.   17.   23.   21.    0.9870   29.2262
	20.    8.   10.   16.   26.   39.    0.9940   29.2303
	20.    8.   10.   16.   32.   37.    0.8040   29.2272
	20.    8.   10.   16.   26.   19.    0.9870   29.2221
	20.    8.   10.   17.   23.    7.    0.8030   29.1919
	20.    8.   10.   17.   25.   22.    0.8610   29.2447
	20.    8.   10.   16.   30.   33.    0.5670   29.1910
	20.    8.   10.   16.   33.   38.    0.6980   29.2037
	20.    8.   10.   17.   24.   19.    0.9390   29.2489

average and std. dev
	20.    8.   10.   16.5455   27.1818   25.0909    0.8476   29.2197
	 0     0     0     0.5222    3.4876   10.1730    0.1470    0.0250

best parameters (sigma, psz, wsz, hx, ht, hv, lambda, psnr)
	40.    8.   10.   35.   43.   80.    0.8570   25.5212
	40.    8.   10.   32.   67.   77.    0.6710   25.5201
	40.    8.   10.   33.   60.    5.    0.7500   25.5616
	40.    8.   10.   33.   47.   16.    0.9090   25.6254
	40.    8.   10.   33.   59.   65.    0.7040   25.5582
	40.    8.   10.   35.   39.   75.    0.9850   25.5130
	40.    8.   10.   33.   61.   69.    0.5920   25.5132
	40.    8.   10.   35.   39.   73.    0.9870   25.5136
	40.    8.   10.   35.   46.   39.    0.9070   25.5216
	40.    8.   10.   33.   59.   20.    0.9150   25.5317
	40.    8.   10.   35.   41.   60.    0.8890   25.5135
	40.    8.   10.   33.   50.   43.    0.8030   25.6101
	40.    8.   10.   33.   43.    7.    0.8010   25.5821
	40.    8.   10.   33.   52.   48.    0.9610   25.6642
	40.    8.   10.   33.   48.   76.    0.9940   25.6718

average and std. dev
	40.    8.   10.   33.6000   50.2667   50.2000    0.8483   25.5614
	 0     0     0     1.0556    8.9639   27.0560    0.1245    0.0565


>> view_results % without variance tracking
best parameters (sigma, psz, wsz, hx, ht, hv, lambda, psnr)
	10.    8.   10.    9.   13.    8.    0.9940   33.2417
	10.    8.   10.    9.   13.   18.    0.9110   33.2189
	10.    8.   10.    9.   13.   14.    0.9110   33.2238
	10.    8.   10.    9.   14.   17.    0.9130   33.2490
	10.    8.   10.    9.   14.   12.    0.8300   33.2163
	10.    8.   10.    9.   13.   11.    0.8890   33.2165
	10.    8.   10.    9.   13.   10.    0.9670   33.2420
	10.    8.   10.    9.   14.   12.    0.9090   33.2303

average and std. dev
	10.    8.   10.    9.   13.3750   12.7500    0.9155   33.2298
	 0     0     0     0     0.5175    3.4122    0.0492    0.0129

best parameters (sigma, psz, wsz, hx, ht, hv, lambda, psnr)
	20.    8.   10.   16.   29.   29.    0.8040   29.2370
	20.    8.   10.   16.   30.   23.    0.7060   29.2077
	20.    8.   10.   16.   28.   32.    0.7540   29.2049
	20.    8.   10.   16.   29.   25.    0.7250   29.2098
	20.    8.   10.   17.   26.   29.    0.6980   29.2055
	20.    8.   10.   16.   28.   35.    0.9870   29.2794

average and std. dev
	20.    8.   10.   16.1667   28.3333   28.8333    0.7790   29.2241
	 0     0     0     0.4082    1.3663    4.4008    0.1089    0.0297

best parameters (sigma, psz, wsz, hx, ht, hv, lambda, psnr)
	40.    8.   10.   35.   41.   69.    0.9600   25.5405
	40.    8.   10.   35.   43.   24.    0.9880   25.5458
	40.    8.   10.   32.   63.   67.    0.6520   25.5444
	40.    8.   10.   33.   46.   20.    0.8040   25.5740
	40.    8.   10.   33.   58.   50.    0.8860   25.6002
	40.    8.   10.   33.   50.    7.    0.6200   25.5305
	40.    8.   10.   33.   59.   41.    0.9870   25.5963
	40.    8.   10.   33.   62.   67.    0.6690   25.5193
	40.    8.   10.   33.   46.   25.    0.8820   25.5993
	40.    8.   10.   32.   56.   69.    0.9610   25.6334
	40.    8.   10.   33.   65.    5.    0.9150   25.5498
	40.    8.   10.   33.   52.   37.    0.7000   25.5719
	40.    8.   10.   33.   54.   67.    0.8090   25.6228
	40.    8.   10.   35.   43.   22.    0.9070   25.5153
	40.    8.   10.   33.   52.   65.    0.9630   25.6722
	40.    8.   10.   35.   43.   11.    0.9870   25.5327

average and std. dev
	40.    8.   10.   33.3750   52.0625   40.3750    0.8556   25.5718
	 0     0     0     1.0247    7.8949   24.4428    0.1302    0.0453


Summary
=======

	variance tracking -----------------------------------------------
	10.    8.   10.    9.       14.       16.2500    0.8506   33.2124
	                   0         0.7559    3.6154    0.0750    0.0136
	20.    8.   10.   16.5455   27.1818   25.0909    0.8476   29.2197
	                   0.5222    3.4876   10.1730    0.1470    0.0250
	40.    8.   10.   33.6000   50.2667   50.2000    0.8483   25.5614
	                   1.0556    8.9639   27.0560    0.1245    0.0565
	no variance tracking --------------------------------------------
	10.    8.   10.    9.       13.3750   12.7500    0.9155   33.2298
	                   0         0.5175    3.4122    0.0492    0.0129
	20.    8.   10.   16.1667   28.3333   28.8333    0.7790   29.2241
	                   0.4082    1.3663    4.4008    0.1089    0.0297
	40.    8.   10.   33.3750   52.0625   40.3750    0.8556   25.5718
	                   1.0247    7.8949   24.4428    0.1302    0.0453

The optimal parameters can be computed automatically as a linear
function of sigma:

whx ~= 0.85*sigma
wht ~= 1.35*sigma
whv ~= 1.35*sigma
lambda ~= 0.85
